[debug] ----------------------------------------------------------------------
[debug] Command:      /home/deostem/opt/node-v7.2.1-linux-x64/bin/node /home/deostem/opt/nodejs/bin/firebase serve
[debug] CLI Version:  3.2.1
[debug] Platform:     linux
[debug] Node Version: v7.2.1
[debug] Time:         Thu Jan 05 2017 23:36:17 GMT+0100 (CET)
[debug] ----------------------------------------------------------------------
[debug] 
[info] Starting Firebase development server...
[info] 
[info] Project Directory: /home/deostem/project/poly-vote
[info] Public Directory: public
[info] 
[info] Server listening at: http://localhost:5000
[debug] ----------------------------------------------------------------------
[debug] Command:      /home/deostem/opt/node-v7.2.1-linux-x64/bin/node /home/deostem/opt/nodejs/bin/firebase serve
[debug] CLI Version:  3.2.1
[debug] Platform:     linux
[debug] Node Version: v7.2.1
[debug] Time:         Fri Jan 06 2017 22:09:59 GMT+0100 (CET)
[debug] ----------------------------------------------------------------------
[debug] 
[info] Starting Firebase development server...
[info] 
[info] Project Directory: /home/deostem/project/poly-vote
[info] Public Directory: public
[info] 
[info] Server listening at: http://localhost:5000
